<?xml version="1.0" encoding="UTF-8"?>
<!-- Generated by org.testng.reporters.JUnitXMLReporter -->
<testsuite hostname="admin-PC" name="Cart page-Tests" tests="16" failures="1" timestamp="5 Apr 2017 14:14:33 GMT" time="1287.513" errors="0">
  <testcase name="test" time="48.557" classname="testingxperts.web.tests.IGP_TC_090"/>
  <testcase name="test" time="84.236" classname="testingxperts.web.tests.IGP_TC_091"/>
  <testcase name="test" time="64.002" classname="testingxperts.web.tests.IGP_TC_092"/>
  <testcase name="test" time="61.3" classname="testingxperts.web.tests.IGP_TC_093"/>
  <testcase name="test" time="37.103" classname="testingxperts.web.tests.IGP_TC_095"/>
  <testcase name="test" time="20.02" classname="testingxperts.web.tests.IGP_TC_096"/>
  <testcase name="test" time="21.17" classname="testingxperts.web.tests.IGP_TC_097"/>
  <testcase name="test" time="32.713" classname="testingxperts.web.tests.IGP_TC_098"/>
  <testcase name="test" time="114.635" classname="testingxperts.web.tests.IGP_TC_099"/>
  <testcase name="test" time="109.005" classname="testingxperts.web.tests.IGP_TC_100"/>
  <testcase name="test" time="108.859" classname="testingxperts.web.tests.IGP_TC_101"/>
  <testcase name="test" time="156.229" classname="testingxperts.web.tests.IGP_TC_102"/>
  <testcase name="test" time="86.552" classname="testingxperts.web.tests.IGP_TC_256">
    <failure type="org.openqa.selenium.WebDriverException" message="unknown error: Element &amp;lt;span class=&amp;quot;del-item r-ip-c-item&amp;quot; data-pid=&amp;quot;526170&amp;quot;&amp;gt;...&amp;lt;/span&amp;gt; is not clickable at point (1343, 82). Other element would receive the click: &amp;lt;div class=&amp;quot;ip-c-item-overlay c-show&amp;quot; id=&amp;quot;ip-c-item-overlay-526170&amp;quot;&amp;gt;&amp;lt;/div&amp;gt;
  (Session info: chrome=57.0.2987.133)
  (Driver info: chromedriver=2.29.461591 (62ebf098771772160f391d75e589dc567915b233),platform=Windows NT 6.1.7601 SP1 x86_64) (WARNING: The server did not provide any stacktrace information)
Command duration or timeout: 40 milliseconds
Build info: version: &amp;apos;2.53.0&amp;apos;, revision: &amp;apos;35ae25b1534ae328c771e0856c93e187490ca824&amp;apos;, time: &amp;apos;2016-03-15 10:43:46&amp;apos;
System info: host: &amp;apos;admin-PC&amp;apos;, ip: &amp;apos;192.168.0.32&amp;apos;, os.name: &amp;apos;Windows 7&amp;apos;, os.arch: &amp;apos;amd64&amp;apos;, os.version: &amp;apos;6.1&amp;apos;, java.version: &amp;apos;1.8.0_121&amp;apos;
Driver info: org.openqa.selenium.chrome.ChromeDriver
Capabilities [{applicationCacheEnabled=false, rotatable=false, mobileEmulationEnabled=false, networkConnectionEnabled=false, chrome={chromedriverVersion=2.29.461591 (62ebf098771772160f391d75e589dc567915b233), userDataDir=C:\Users\admin\AppData\Local\Temp\scoped_dir9784_3739}, takesHeapSnapshot=true, pageLoadStrategy=normal, databaseEnabled=false, handlesAlerts=true, hasTouchScreen=false, version=57.0.2987.133, platform=XP, browserConnectionEnabled=false, nativeEvents=true, acceptSslCerts=true, locationContextEnabled=true, webStorageEnabled=true, browserName=chrome, takesScreenshot=true, javascriptEnabled=true, cssSelectorsEnabled=true, unexpectedAlertBehaviour=}]
Session ID: 69df50fd0efcf825fd07f9257cd40b88">
      <![CDATA[org.openqa.selenium.WebDriverException: unknown error: Element <span class="del-item r-ip-c-item" data-pid="526170">...</span> is not clickable at point (1343, 82). Other element would receive the click: <div class="ip-c-item-overlay c-show" id="ip-c-item-overlay-526170"></div>
  (Session info: chrome=57.0.2987.133)
  (Driver info: chromedriver=2.29.461591 (62ebf098771772160f391d75e589dc567915b233),platform=Windows NT 6.1.7601 SP1 x86_64) (WARNING: The server did not provide any stacktrace information)
Command duration or timeout: 40 milliseconds
Build info: version: '2.53.0', revision: '35ae25b1534ae328c771e0856c93e187490ca824', time: '2016-03-15 10:43:46'
System info: host: 'admin-PC', ip: '192.168.0.32', os.name: 'Windows 7', os.arch: 'amd64', os.version: '6.1', java.version: '1.8.0_121'
Driver info: org.openqa.selenium.chrome.ChromeDriver
Capabilities [{applicationCacheEnabled=false, rotatable=false, mobileEmulationEnabled=false, networkConnectionEnabled=false, chrome={chromedriverVersion=2.29.461591 (62ebf098771772160f391d75e589dc567915b233), userDataDir=C:\Users\admin\AppData\Local\Temp\scoped_dir9784_3739}, takesHeapSnapshot=true, pageLoadStrategy=normal, databaseEnabled=false, handlesAlerts=true, hasTouchScreen=false, version=57.0.2987.133, platform=XP, browserConnectionEnabled=false, nativeEvents=true, acceptSslCerts=true, locationContextEnabled=true, webStorageEnabled=true, browserName=chrome, takesScreenshot=true, javascriptEnabled=true, cssSelectorsEnabled=true, unexpectedAlertBehaviour=}]
Session ID: 69df50fd0efcf825fd07f9257cd40b88
	at org.openqa.selenium.remote.ErrorHandler.createThrowable(ErrorHandler.java:206)
	at org.openqa.selenium.remote.ErrorHandler.throwIfResponseFailed(ErrorHandler.java:158)
	at org.openqa.selenium.remote.RemoteWebDriver.execute(RemoteWebDriver.java:678)
	at org.openqa.selenium.remote.RemoteWebElement.execute(RemoteWebElement.java:327)
	at org.openqa.selenium.remote.RemoteWebElement.click(RemoteWebElement.java:85)
	at testingxperts.web.pages.HomePage.emptyCartItems(HomePage.java:149)
	at testingxperts.web.tests.IGP_TC_256.test(IGP_TC_256.java:62)
	at suite.runner.CustomSuiteRunner.suiteRunner(CustomSuiteRunner.java:169)
... Removed 54 stack frames]]>
    </failure>
  </testcase> <!-- test -->
  <testcase name="test" time="157.443" classname="testingxperts.web.tests.IGP_TC_257"/>
  <testcase name="test" time="34.56" classname="testingxperts.web.tests.IGP_TC_258"/>
  <testcase name="test" time="31.501" classname="testingxperts.web.tests.IGP_TC_259"/>
</testsuite> <!-- Cart page-Tests -->
