<?xml version="1.0" encoding="UTF-8"?>
<!-- Generated by org.testng.reporters.JUnitXMLReporter -->
<testsuite hostname="admin-PC" name="Product Strip-Tests" tests="3" failures="0" timestamp="27 Mar 2017 13:24:39 GMT" time="109.484" errors="0">
  <testcase name="test" time="32.089" classname="testingxperts.web.tests.IGP_TC_235"/>
  <testcase name="test" time="32.818" classname="testingxperts.web.tests.IGP_TC_236"/>
  <testcase name="test" time="30.325" classname="testingxperts.web.tests.IGP_TC_237"/>
</testsuite> <!-- Product Strip-Tests -->
