<?xml version="1.0" encoding="UTF-8"?>
<!-- Generated by org.testng.reporters.JUnitXMLReporter -->
<testsuite hostname="admin-PC" name="Card List-Tests" tests="3" failures="0" timestamp="27 Mar 2017 13:26:28 GMT" time="109.373" errors="0">
  <testcase name="test" time="32.246" classname="testingxperts.web.tests.IGP_TC_238"/>
  <testcase name="test" time="30.895" classname="testingxperts.web.tests.IGP_TC_239"/>
  <testcase name="test" time="31.638" classname="testingxperts.web.tests.IGP_TC_240"/>
</testsuite> <!-- Card List-Tests -->
