<?xml version="1.0" encoding="UTF-8"?>
<!-- Generated by org.testng.reporters.JUnitXMLReporter -->
<testsuite hostname="admin-PC" name="Product Description Page-Tests" tests="5" failures="0" timestamp="24 Mar 2017 14:37:14 GMT" time="228.176" errors="0">
  <testcase name="test" time="29.089" classname="testingxperts.web.tests.IGP_TC_112"/>
  <testcase name="test" time="25.664" classname="testingxperts.web.tests.IGP_TC_115"/>
  <testcase name="test" time="44.611" classname="testingxperts.web.tests.IGP_TC_116"/>
  <testcase name="test" time="47.156" classname="testingxperts.web.tests.IGP_TC_117"/>
  <testcase name="test" time="52.696" classname="testingxperts.web.tests.IGP_TC_118"/>
</testsuite> <!-- Product Description Page-Tests -->
