<?xml version="1.0" encoding="UTF-8"?>
<!-- Generated by org.testng.reporters.JUnitXMLReporter -->
<testsuite hostname="admin-PC" name="Product Description Page-Tests" tests="15" failures="0" timestamp="30 Mar 2017 10:06:01 GMT" time="688.39" errors="0">
  <testcase name="test" time="40.347" classname="testingxperts.web.tests.IGP_TC_241"/>
  <testcase name="test" time="43.662" classname="testingxperts.web.tests.IGP_TC_242"/>
  <testcase name="test" time="33.946" classname="testingxperts.web.tests.IGP_TC_243"/>
  <testcase name="test" time="34.584" classname="testingxperts.web.tests.IGP_TC_244"/>
  <testcase name="test" time="46.109" classname="testingxperts.web.tests.IGP_TC_245"/>
  <testcase name="test" time="47.036" classname="testingxperts.web.tests.IGP_TC_246"/>
  <testcase name="test" time="51.065" classname="testingxperts.web.tests.IGP_TC_247"/>
  <testcase name="test" time="50.951" classname="testingxperts.web.tests.IGP_TC_248"/>
  <testcase name="test" time="35.465" classname="testingxperts.web.tests.IGP_TC_249"/>
  <testcase name="test" time="33.505" classname="testingxperts.web.tests.IGP_TC_250"/>
  <testcase name="test" time="29.656" classname="testingxperts.web.tests.IGP_TC_251"/>
  <testcase name="test" time="40.931" classname="testingxperts.web.tests.IGP_TC_252"/>
  <testcase name="test" time="40.097" classname="testingxperts.web.tests.IGP_TC_253"/>
  <testcase name="test" time="30.741" classname="testingxperts.web.tests.IGP_TC_254"/>
  <testcase name="test" time="41.948" classname="testingxperts.web.tests.IGP_TC_255"/>
</testsuite> <!-- Product Description Page-Tests -->
