<?xml version="1.0" encoding="UTF-8"?>
<!-- Generated by org.testng.reporters.JUnitXMLReporter -->
<testsuite hostname="admin-PC" name="Product Listing Page-Tests" tests="3" failures="0" timestamp="27 Mar 2017 13:22:49 GMT" time="107.532" errors="0">
  <testcase name="test" time="31.062" classname="testingxperts.web.tests.IGP_TC_232"/>
  <testcase name="test" time="31.644" classname="testingxperts.web.tests.IGP_TC_233"/>
  <testcase name="test" time="30.151" classname="testingxperts.web.tests.IGP_TC_234"/>
</testsuite> <!-- Product Listing Page-Tests -->
